<?xml version="1.0" encoding="UTF-8"?>
<!-- Generated by org.testng.reporters.JUnitReportReporter -->
<testsuite hostname="Bakos" failures="0" tests="2" name="testCases.LoginTest" time="13.330" errors="0" timestamp="2024-03-22T22:20:53 CDT" skipped="0">
  <testcase classname="testCases.LoginTest" name="loginFailure" time="6.235"/>
  <testcase classname="testCases.LoginTest" name="productPage" time="7.095"/>
</testsuite> <!-- testCases.LoginTest -->
